<?xml version="1.0" encoding="UTF-8"?>
<testsuite name="demolition.SampleTest" tests="3" skipped="0" failures="0" errors="0" timestamp="2021-11-04T20:28:48" hostname="DESKTOP-2IGMRSQ" time="0.009">
  <properties/>
  <testcase name="simpleTest()" classname="demolition.SampleTest" time="0.002"/>
  <testcase name="widthTest()" classname="demolition.SampleTest" time="0.001"/>
  <testcase name="FPSTest()" classname="demolition.SampleTest" time="0.002"/>
  <system-out><![CDATA[]]></system-out>
  <system-err><![CDATA[]]></system-err>
</testsuite>
